<?xml version="1.0" encoding="UTF-8"?>
<!-- Generated by org.testng.reporters.JUnitReportReporter -->
<testsuite hostname="Admin" failures="0" tests="3" name="com.cosfa.qa.testcases.LoginPageTest" time="59.536" errors="0" timestamp="17 Oct 2019 10:24:14 GMT" skipped="0">
  <testcase classname="com.cosfa.qa.testcases.LoginPageTest" name="LogoTest" time="12.403"/>
  <testcase classname="com.cosfa.qa.testcases.LoginPageTest" name="LoginTest" time="35.848"/>
  <testcase classname="com.cosfa.qa.testcases.LoginPageTest" name="LoginPageTitleTest" time="11.285"/>
</testsuite> <!-- com.cosfa.qa.testcases.LoginPageTest -->
