<?xml version="1.0" encoding="UTF-8"?>
<!-- Generated by org.testng.reporters.JUnitReportReporter -->
<testsuite hostname="Admin" failures="0" tests="1" name="pageObject.LoginPageObjectory" time="0.027" errors="0" timestamp="16 Oct 2019 08:03:36 GMT" skipped="0">
  <testcase classname="pageObject.LoginPageObjectory" name="v1" time="0.027"/>
</testsuite> <!-- pageObject.LoginPageObjectory -->
